    6.208	 113.7670	 -22.0262
    6.279	 113.7675	 -22.0262
    6.351	 113.7679	 -22.0262
    6.424	 113.7684	 -22.0262
    6.498	 113.7689	 -22.0262
    6.572	 113.7695	 -22.0262
    6.648	 113.7700	 -22.0262
    6.724	 113.7706	 -22.2749
    6.801	 113.7713	 -22.5274
    6.879	 113.7720	 -22.7838
    6.958	 113.7728	 -23.0440
    7.038	 113.7738	 -23.5043
    7.119	 113.7749	 -23.6451
    7.200	 113.7761	 -23.9174
    7.283	 113.7773	 -24.1929
    7.366	 113.7785	 -24.4716
    7.451	 113.7798	 -24.7535
    7.536	 113.7812	 -25.0386
    7.623	 113.7825	 -25.3271
    7.710	 113.7840	 -25.6189
    7.799	 113.7854	 -25.9141
    7.888	 113.7869	 -26.2128
    7.979	 113.7885	 -26.5149
    8.070	 113.7900	 -26.8206
    8.163	 113.7917	 -27.1298
    8.257	 113.7934	 -27.4426
    8.351	 113.7951	 -27.7591
    8.447	 113.7969	 -28.0793
    8.544	 113.7987	 -28.4032
    8.642	 113.8006	 -28.7309
    8.741	 113.8026	 -29.0625
    8.841	 113.8046	 -29.3979
    8.943	 113.8066	 -29.7373
    9.045	 113.8087	 -30.0807
    9.149	 113.8109	 -30.4281
    9.254	 113.8131	 -30.7796
    9.360	 113.8154	 -31.1352
    9.468	 113.8177	 -31.4950
    9.576	 113.8202	 -31.8591
    9.686	 113.8226	 -32.2274
    9.797	 113.8252	 -32.6002
    9.910	 113.8278	 -32.9773
   10.024	 113.8304	 -33.3589
   10.139	 113.8332	 -33.7450
   10.255	 113.8360	 -34.1358
   10.373	 113.8388	 -34.5311
   10.492	 113.8418	 -34.9312
   10.612	 113.8448	 -35.3360
   10.734	 113.8479	 -35.7456
   10.857	 113.8511	 -36.1601
   10.981	 113.8543	 -36.5795
   11.107	 113.8577	 -37.0038
   11.235	 113.8611	 -37.4332
   11.364	 113.8646	 -37.8676
   11.494	 113.8682	 -38.3071
   11.626	 113.8719	 -38.7518
   11.759	 113.8757	 -39.2017
   11.894	 113.8796	 -39.6569
   12.031	 113.8837	 -40.1174
   12.169	 113.8878	 -40.5833
   12.308	 113.8921	 -41.0546
   12.450	 113.8964	 -41.5315
   12.592	 113.9009	 -42.0139
   12.737	 113.9056	 -42.5019
   12.883	 113.9103	 -42.9956
   13.031	 113.9152	 -43.4950
   13.180	 113.9203	 -44.0001
   13.332	 113.9255	 -44.5111
   13.484	 113.9308	 -45.0280
   13.639	 113.9363	 -45.5509
   13.796	 113.9420	 -46.0798
   13.954	 113.9479	 -46.6148
   14.114	 113.9539	 -47.1559
   14.276	 113.9600	 -47.7033
   14.440	 113.9664	 -48.2570
   14.605	 113.9729	 -48.8171
   14.773	 113.9797	 -49.3836
   14.942	 113.9866	 -49.9567
   15.114	 113.9937	 -50.5364
   15.287	 114.0010	 -51.1228
   15.463	 114.0085	 -51.7159
   15.640	 114.0163	 -52.3159
   15.820	 114.0242	 -52.9227
   16.001	 114.0324	 -53.5366
   16.185	 114.0409	 -54.1575
   16.370	 114.0496	 -54.7856
   16.558	 114.0585	 -55.4209
   16.748	 114.0677	 -56.0635
   16.940	 114.0772	 -56.7135
   17.135	 114.0870	 -57.3710
   17.331	 114.0971	 -58.0361
   17.530	 114.1075	 -58.7089
   17.731	 114.1182	 -59.3895
   17.935	 114.1292	 -60.0778
   18.140	 114.1406	 -60.7742
   18.349	 114.1523	 -61.4785
   18.559	 114.1644	 -62.1910
   18.772	 114.1769	 -62.9117
   18.987	 114.1897	 -63.6407
   19.205	 114.2030	 -64.3780
   19.426	 114.2166	 -65.1238
   19.648	 114.2307	 -65.8783
   19.874	 114.2451	 -66.6413
   20.102	 114.2600	 -67.4131
   20.333	 114.2754	 -68.1938
   20.566	 114.2912	 -68.9834
   20.802	 114.3075	 -69.7819
   21.040	 114.3243	 -70.5894
   21.282	 114.3416	 -71.4058
   21.526	 114.3594	 -72.2312
   21.773	 114.3777	 -73.0657
   22.023	 114.3966	 -73.9093
   22.275	 114.4160	 -74.7620
   22.531	 114.4361	 -75.6240
   22.789	 114.4567	 -76.4952
   23.051	 114.4780	 -77.3757
   23.315	 114.4999	 -78.2656
   23.583	 114.5224	 -79.1649
   23.854	 114.5457	 -80.0737
   24.127	 114.5696	 -80.9920
   24.404	 114.5942	 -81.9198
   24.684	 114.6195	 -82.8572
   24.967	 114.6456	 -83.8043
   25.254	 114.6724	 -84.7611
   25.543	 114.7001	 -85.7277
   25.836	 114.7285	 -86.7040
   26.133	 114.7577	 -87.6900
   26.433	 114.7878	 -88.6855
   26.736	 114.8187	 -89.6906
   27.043	 114.8506	 -90.7054
   27.353	 114.8833	 -91.7299
   27.667	 114.9169	 -92.7641
   27.984	 114.9515	 -93.8080
   28.305	 114.9871	 -94.8617
   28.630	 115.0236	 -95.9251
   28.959	 115.0611	 -96.9982
   29.291	 115.0996	 -98.0810
   29.627	 115.1392	 -99.1735
   29.967	 115.1797	 -100.2758
   30.311	 115.2214	 -101.3877
   30.658	 115.2642	 -102.5092
   31.010	 115.3080	 -103.6404
   31.366	 115.3530	 -104.7810
   31.726	 115.3992	 -105.9308
   32.090	 115.4465	 -107.0898
   32.458	 115.4951	 -108.2579
   32.830	 115.5448	 -109.4349
   33.207	 115.5957	 -110.6207
   33.588	 115.6479	 -111.8153
   33.973	 115.7013	 -113.0187
   34.363	 115.7560	 -114.2308
   34.757	 115.8119	 -115.4516
   35.156	 115.8690	 -116.6810
   35.559	 115.9274	 -117.9189
   35.967	 115.9872	 -119.1652
   36.380	 116.0482	 -120.4198
   36.797	 116.1106	 -121.6824
   37.220	 116.1743	 -122.9529
   37.647	 116.2393	 -124.2312
   38.079	 116.3057	 -125.5171
   38.515	 116.3735	 -126.8104
   38.957	 116.4425	 -128.1110
   39.404	 116.5129	 -129.4187
   39.856	 116.5847	 -130.7334
   40.314	 116.6577	 -132.0549
   40.776	 116.7320	 -133.3831
   41.244	 116.8076	 -134.7179
   41.717	 116.8845	 -136.0592
   42.196	 116.9627	 -137.4068
   42.680	 117.0421	 -138.7604
   43.170	 117.1228	 -140.1201
   43.665	 117.2048	 -141.4855
   44.166	 117.2881	 -142.8567
   44.673	 117.3726	 -144.2334
   45.185	 117.4583	 -145.6153
   45.704	 117.5453	 -147.0025
   46.228	 117.6334	 -148.3946
   46.758	 117.7227	 -149.7914
   47.295	 117.8132	 -151.1929
   47.837	 117.9047	 -152.5990
   48.386	 117.9973	 -154.0096
   48.941	 118.0910	 -155.4245
   49.503	 118.1857	 -156.8437
   50.071	 118.2814	 -158.2669
   50.645	 118.3781	 -159.6940
   51.226	 118.4757	 -161.1250
   51.814	 118.5744	 -162.5595
   52.409	 118.6739	 -163.9975
   53.010	 118.7742	 -165.4389
   53.618	 118.8754	 -166.8836
   54.233	 118.9774	 -168.3316
   54.856	 119.0801	 -169.7829
   55.485	 119.1835	 -171.2373
   56.122	 119.2875	 -172.6946
   56.765	 119.3921	 -174.1548
   57.417	 119.4973	 -175.6178
   58.075	 119.6030	 -177.0835
   58.742	 119.7091	 -178.5518
   59.416	 119.8157	 179.9772
   60.097	 119.9227	 178.5036
   60.787	 120.0301	 177.0274
   61.484	 120.1377	 175.5487
   62.190	 120.2456	 174.0675
   62.903	 120.3537	 172.5840
   63.625	 120.4619	 171.0982
   64.355	 120.5703	 169.6099
   65.093	 120.6786	 168.1193
   65.840	 120.7870	 166.6265
   66.596	 120.8953	 165.1313
   67.360	 121.0034	 163.6338
   68.132	 121.1115	 162.1340
   68.914	 121.2193	 160.6319
   69.705	 121.3268	 159.1275
   70.504	 121.4340	 157.6208
   71.313	 121.5409	 156.1119
   72.132	 121.6473	 154.6008
   72.959	 121.7532	 153.0873
   73.796	 121.8586	 151.5716
   74.643	 121.9634	 150.0535
   75.499	 122.0675	 148.5330
   76.366	 122.1709	 147.0102
   77.242	 122.2735	 145.4852
   78.128	 122.3753	 143.9578
   79.024	 122.4762	 142.4281
   79.931	 122.5761	 140.8961
   80.848	 122.6750	 139.3616
   81.776	 122.7728	 137.8248
   82.714	 122.8695	 136.2856
   83.663	 122.9650	 134.7442
   84.623	 123.0592	 133.2004
   85.594	 123.1521	 131.6543
   86.576	 123.2435	 130.1060
   87.569	 123.3335	 128.5553
   88.574	 123.4220	 127.0024
   89.590	 123.5088	 125.4474
   90.618	 123.5940	 123.8902
   91.657	 123.6774	 122.3310
   92.709	 123.7590	 120.7698
   93.773	 123.8387	 119.2066
   94.848	 123.9164	 117.6416
   95.937	 123.9921	 116.0748
   97.037	 124.0657	 114.5064
   98.151	 124.1371	 112.9367
   99.277	 124.2062	 111.3655
  100.416	 124.2729	 109.7932
  101.568	 124.3372	 108.2197
  102.733	 124.3990	 106.6456
  103.912	 124.4581	 105.0709
  105.104	 124.5146	 103.4959
  106.310	 124.5683	 101.9208
  107.530	 124.6191	 100.3460
  108.763	 124.6669	 98.7717
  110.011	 124.7117	 97.1983
  111.273	 124.7534	 95.6264
  112.550	 124.7918	 94.0561
  113.841	 124.8268	 92.4881
  115.147	 124.8585	 90.9227
  116.469	 124.8866	 89.3607
  117.805	 124.9110	 87.8025
  119.156	 124.9317	 86.2488
  120.524	 124.9486	 84.7005
  121.906	 124.9615	 83.1581
  123.305	 124.9704	 81.6226
  124.720	 124.9751	 80.0948
  126.151	 124.9756	 78.5758
  127.598	 124.9717	 77.0667
  129.062	 124.9634	 75.5685
  130.543	 124.9504	 74.0826
  132.040	 124.9329	 72.6103
  133.555	 124.9105	 71.1532
  135.088	 124.8834	 69.7127
  136.638	 124.8512	 68.2907
  138.205	 124.8141	 66.8889
  139.791	 124.7719	 65.5094
  141.395	 124.7245	 64.1545
  143.017	 124.6719	 62.8263
  144.658	 124.6140	 61.5274
  146.317	 124.5508	 60.2604
  147.996	 124.4824	 59.0283
  149.694	 124.4087	 57.8341
  151.412	 124.3298	 56.6809
  153.149	 124.2457	 55.5721
  154.906	 124.1566	 54.5113
  156.683	 124.0625	 53.5022
  158.481	 123.9639	 52.5485
  160.299	 123.8607	 51.6540
  162.138	 123.7535	 50.8227
  163.998	 123.6425	 50.0583
  165.880	 123.5283	 49.3643
  167.783	 123.4114	 48.7443
  169.708	 123.2924	 48.2011
  171.655	 123.1723	 47.7375
  173.625	 123.0517	 47.3553
  175.617	 122.9318	 47.0555
  177.632	 122.8138	 46.8393
  179.670	 122.6988	 46.7054
  181.731	 122.5883	 46.6516
  183.816	 122.4838	 46.6757
  185.925	 122.3868	 46.7751
  188.058	 122.2991	 46.9444
  190.216	 122.2223	 47.1781
  192.398	 122.1581	 47.4698
  194.606	 122.1080	 47.8120
  196.838	 122.0734	 48.1968
  199.097	 122.0557	 48.6155
  201.381	 122.0558	 49.0594
  203.691	 122.0743	 49.5189
  206.028	 122.1115	 49.9848
  208.392	 122.1675	 50.4475
  210.783	 122.2418	 50.8972
  213.201	 122.3336	 51.3248
  215.648	 122.4419	 51.7212
  218.122	 122.5653	 52.0773
  220.624	 122.7023	 52.3854
  223.156	 122.8512	 52.6374
  225.716	 123.0103	 52.8268
  228.305	 123.1776	 52.9477
  230.925	 123.3516	 52.9943
  233.574	 123.5303	 52.9633
  236.254	 123.7123	 52.8526
  238.965	 123.8960	 52.6601
  241.706	 124.0800	 52.3842
  244.480	 124.2630	 52.0260
  247.285	 124.4440	 51.5872
  250.122	 124.6219	 51.0699
  252.991	 124.7959	 50.4777
  255.894	 124.9652	 49.8144
  258.830	 125.1292	 49.0848
  261.799	 125.2875	 48.2939
  264.803	 125.4395	 47.4471
  267.841	 125.5851	 46.5503
  270.914	 125.7238	 45.6092
  274.022	 125.8557	 44.6299
  277.166	 125.9807	 43.6184
  280.346	 126.0988	 42.5806
  283.563	 126.2101	 41.5223
  286.816	 126.3149	 40.4491
  290.107	 126.4134	 39.3663
  293.435	 126.5062	 38.2788
  296.802	 126.5937	 37.1909
  300.207	 126.6764	 36.1066
  303.652	 126.7551	 35.0288
  307.135	 126.8306	 33.9597
  310.659	 126.9036	 32.9009
  314.223	 126.9752	 31.8524
  317.829	 127.0463	 30.8139
  321.475	 127.1179	 29.7833
  325.163	 127.1910	 28.7576
  328.894	 127.2666	 27.7332
  332.668	 127.3456	 26.7048
  336.484	 127.4287	 25.6669
  340.345	 127.5165	 24.6127
  344.250	 127.6095	 23.5350
  348.199	 127.7076	 22.4263
  352.194	 127.8109	 21.2784
  356.235	 127.9188	 20.0834
  360.322	 128.0305	 18.8330
  364.456	 128.1451	 17.5194
  368.638	 128.2611	 16.1350
  372.867	 128.3770	 14.6725
  377.145	 128.4910	 13.1259
  381.472	 128.6011	 11.4897
  385.849	 128.7054	 9.7596
  390.276	 128.8016	 7.9329
  394.753	 128.8877	 6.0086
  399.282	 128.9616	 3.9876
  403.863	 129.0213	 1.8734
  408.497	 129.0648	 -0.3276
  413.184	 129.0903	 -2.6062
  417.924	 129.0963	 -4.9489
  422.719	 129.0811	 -7.3386
  427.569	 129.0437	 -9.7536
  432.475	 128.9828	 -12.1676
  437.437	 128.8977	 -14.5501
  442.455	 128.7879	 -16.8671
  447.532	 128.6532	 -19.0839
  452.666	 128.4936	 -21.1677
  457.860	 128.3094	 -23.0925
  463.113	 128.1017	 -24.8442
  468.426	 127.8713	 -26.4194
  473.801	 127.6200	 -27.8272
  479.237	 127.3494	 -29.0851
  484.735	 127.0618	 -30.2139
  490.296	 126.7595	 -31.2335
  495.922	 126.4450	 -32.1595
  501.612	 126.1207	 -33.0001
  507.367	 125.7891	 -33.7552
  513.188	 125.4525	 -34.4123
  519.076	 125.1132	 -34.9445
  525.031	 124.7734	 -35.3075
  531.055	 124.4361	 -35.4376
  537.148	 124.1047	 -35.2578
  543.310	 123.7842	 -34.7007
  549.544	 123.4815	 -33.7478
  555.849	 123.2055	 -32.4525
  562.226	 122.9671	 -30.9268
  568.677	 122.7785	 -29.3022
  575.201	 122.6511	 -27.7004
  581.801	 122.5933	 -26.2238
  588.476	 122.6083	 -24.9528
  595.227	 122.6924	 -23.9457
  602.057	 122.8353	 -23.2358
  608.964	 123.0220	 -22.8354
  615.951	 123.2349	 -22.7344
  623.018	 123.4571	 -22.9053
  630.166	 123.6736	 -23.3057
  637.396	 123.8730	 -23.8805
  644.709	 124.0481	 -24.5604
  652.106	 124.1951	 -25.2603
  659.587	 124.3142	 -25.8791
  667.155	 124.4084	 -26.3166
  674.809	 124.4827	 -26.5192
  682.551	 124.5435	 -26.5344
  690.382	 124.5965	 -26.5156
  698.303	 124.6463	 -26.6661
  706.315	 124.6944	 -27.1728
  714.419	 124.7392	 -28.1501
  722.615	 124.7757	 -29.6177
  730.906	 124.7964	 -31.5184
  739.292	 124.7924	 -33.7602
  747.774	 124.7550	 -36.2454
  756.353	 124.6775	 -38.8778
  765.031	 124.5556	 -41.5567
  773.808	 124.3894	 -44.1669
  782.686	 124.1832	 -46.5721
  791.666	 123.9458	 -48.6197
  800.749	 123.6897	 -50.1834
  809.936	 123.4290	 -51.2252
  819.229	 123.1766	 -51.8000
  828.628	 122.9406	 -51.9805
  838.135	 122.7219	 -51.7621
  847.751	 122.5137	 -50.9590
  857.477	 122.3045	 -49.2488
  867.315	 122.0823	 -46.7812
  877.266	 121.8404	 -44.1534
  887.331	 121.5826	 -41.7568
  897.512	 121.3272	 -39.7115
  907.809	 121.1034	 -37.9808
  918.224	 120.9548	 -36.5289
  928.759	 120.9195	 -35.2965
  939.415	 121.0171	 -34.2296
  950.193	 121.2392	 -33.2785
  961.095	 121.5467	 -32.4717
  972.122	 121.8985	 -31.6686
  983.275	 122.2552	 -30.8146
  994.556	 122.5891	 -29.8594
 1005.967	 122.8826	 -28.7646
 1017.509	 123.1366	 -27.5529
 1029.183	 123.3560	 -26.3199
 1040.991	 123.5497	 -25.2576
 1052.934	 123.7269	 -24.4613
 1065.015	 123.8934	 -23.9477
 1077.234	 124.0501	 -23.6736
 1089.593	 124.1939	 -23.6867
 1102.094	 124.3184	 -24.2155
 1114.739	 124.4152	 -25.6760
 1127.528	 124.4777	 -28.0491
 1140.464	 124.4991	 -30.8489
 1153.549	 124.4774	 -33.7579
 1166.784	 124.4122	 -36.5882
 1180.171	 124.3092	 -39.2650
 1193.711	 124.1741	 -41.7202
 1207.407	 124.0210	 -43.8493
 1221.260	 123.8619	 -45.6044
 1235.271	 123.7118	 -46.8951
 1249.444	 123.5874	 -47.6336
 1263.779	 123.4959	 -47.9605
 1278.278	 123.4443	 -47.9968
 1292.944	 123.4347	 -47.9609
 1307.778	 123.4671	 -48.0803
 1322.783	 123.5293	 -48.4814
 1337.959	 123.6132	 -49.2762
 1353.310	 123.7064	 -50.3978
 1368.837	 123.7957	 -51.7609
 1384.542	 123.8697	 -53.2417
 1400.427	 123.9194	 -54.7411
 1416.494	 123.9381	 -56.1373
 1432.745	 123.9267	 -57.3922
 1449.184	 123.8903	 -58.5388
 1465.810	 123.8372	 -59.6780
 1482.628	 123.7778	 -60.9029
 1499.638	 123.7170	 -62.2521
 1516.844	 123.6554	 -63.7046
 1534.247	 123.5909	 -65.0976
 1551.849	 123.5178	 -66.1416
 1569.654	 123.4316	 -66.5997
 1587.663	 123.3305	 -66.6826
 1605.879	 123.2079	 -66.7082
 1624.303	 123.0514	 -66.7681
 1642.939	 122.8547	 -66.5650
 1661.789	 122.6272	 -65.7211
 1680.855	 122.4029	 -64.6248
 1700.139	 122.2326	 -63.5469
 1719.645	 122.1750	 -62.6670
 1739.375	 122.2538	 -61.8676
 1759.331	 122.4777	 -60.9806
 1779.516	 122.8592	 -60.0182
 1799.933	 123.3965	 -59.1807
 1820.584	 124.0478	 -58.7640
 1841.472	 124.7348	 -59.0175
 1862.599	 125.3757	 -60.0159
 1883.969	 125.9213	 -61.6113
 1905.584	 126.3514	 -63.4313
 1927.447	 126.6816	 -64.9124
 1949.561	 126.9321	 -65.8259
 1971.929	 127.1225	 -66.2367
 1994.553	 127.2741	 -66.3064
 2017.437	 127.4086	 -66.4411
 2040.583	 127.5468	 -67.0647
 2063.995	 127.7000	 -68.1110
 2087.676	 127.8883	 -69.5062
 2111.628	 128.1177	 -71.3134
 2135.855	 128.3885	 -74.1010
 2160.360	 128.6643	 -78.3019
 2185.146	 128.9037	 -83.2618
 2210.217	 129.0781	 -88.3957
 2235.575	 129.1802	 -93.2048
 2261.224	 129.2121	 -97.7566
 2287.168	 129.1725	 -102.3290
 2313.409	 129.0637	 -106.7616
 2339.951	 128.9029	 -110.5750
 2366.798	 128.7196	 -113.5901
 2393.952	 128.5477	 -115.8145
 2421.418	 128.4200	 -117.1613
 2449.200	 128.3596	 -117.9666
 2477.300	 128.3730	 -118.9259
 2505.722	 128.4278	 -120.5832
 2534.471	 128.4906	 -123.1188
 2563.549	 128.5362	 -126.3126
 2592.961	 128.5348	 -130.1473
 2622.711	 128.4616	 -134.2155
 2652.802	 128.3051	 -138.0241
 2683.238	 128.0725	 -141.5298
 2714.023	 127.7699	 -144.9253
 2745.161	 127.4199	 -148.1299
 2776.657	 127.0510	 -150.7396
 2808.514	 126.7239	 -152.5602
 2840.736	 126.4936	 -153.7380
 2873.329	 126.3887	 -154.7373
 2906.295	 126.3868	 -156.0948
 2939.639	 126.4530	 -157.9931
 2973.366	 126.5578	 -160.2010
 3007.480	 126.6653	 -162.8195
 3041.985	 126.7402	 -165.9341
 3076.886	 126.7544	 -169.4600
 3112.188	 126.6966	 -173.2866
 3147.895	 126.5646	 -177.2356
 3184.011	 126.3674	 179.0507
 3220.542	 126.1225	 175.8251
 3257.492	 125.8798	 173.0526
 3294.865	 125.6806	 170.3891
 3332.668	 125.5241	 167.6028
 3370.904	 125.4044	 165.4375
 3409.579	 125.3294	 163.7224
 3448.698	 125.2723	 161.1710
 3488.265	 125.1915	 157.8512
 3528.287	 125.0753	 154.6155
 3568.767	 124.9271	 151.5566
 3609.712	 124.7344	 148.4185
 3651.127	 124.4872	 145.1064
 3693.017	 124.1818	 141.4780
 3735.388	 123.8154	 137.8172
 3778.244	 123.4175	 134.6292
 3821.593	 123.0434	 132.1197
 3865.438	 122.7578	 129.9315
 3909.787	 122.5894	 127.6346
 3954.645	 122.4908	 124.9455
 4000.017	 122.4294	 122.3051
 4045.910	 122.3984	 119.6475
 4092.330	 122.3773	 116.4627
 4139.282	 122.3387	 112.6655
 4186.772	 122.2836	 108.4956
 4234.808	 122.2123	 103.8937
 4283.395	 122.1217	 99.3038
 4332.539	 122.0439	 94.7913
 4382.247	 121.9797	 89.5977
 4432.524	 121.8753	 83.5966
 4483.380	 121.7382	 77.6734
 4534.818	 121.6063	 71.8065
 4586.847	 121.4707	 65.7603
 4639.473	 121.3074	 59.6441
 4692.702	 121.1149	 53.5072
 4746.542	 120.8882	 47.4355
 4801.000	 120.6221	 41.5738
 4856.083	 120.3221	 35.9376
 4911.797	 119.9805	 30.3419
 4968.151	 119.5854	 24.9710
 5025.151	 119.1183	 19.5642
 5082.806	 118.5879	 14.7317
 5141.122	 118.0414	 10.6924
 5200.107	 117.4588	 7.3618
 5259.769	 116.7776	 4.7347
 5320.115	 115.9949	 2.4020
 5381.153	 115.1187	 0.8203
 5442.892	 114.1166	 -0.2919
 5505.339	 112.9668	 -1.2120
 5568.503	 111.6965	 -1.8041
 5632.391	 110.3033	 -2.2752
 5697.013	 108.8029	 -2.3530
 5762.375	 107.2677	 -2.2320
 5828.488	 105.7580	 -1.2638
 5895.359	 104.4404	 -0.1539
 5962.998	 103.4483	 1.1481
 6031.412	 102.7154	 2.4221
 6100.611	 102.2573	 3.0356
 6170.604	 101.9880	 3.1372
 6241.401	 101.8906	 3.1760
 6313.010	 101.9065	 3.0466
 6385.440	 102.0208	 2.5881
 6458.701	 102.1672	 1.4290
 6532.803	 102.3283	 0.1821
 6607.755	 102.4931	 -1.3716
 6683.566	 102.6443	 -3.1331
 6760.248	 102.7719	 -5.5562
 6837.810	 102.8844	 -8.5172
 6916.261	 103.0082	 -12.1984
 6995.612	 103.1007	 -16.7673
 7075.874	 103.1763	 -21.6901
 7157.057	 103.2319	 -26.5838
 7239.171	 103.2894	 -31.3814
 7322.227	 103.3510	 -36.5232
 7406.236	 103.3807	 -42.1427
 7491.209	 103.3934	 -47.7883
 7577.157	 103.3700	 -53.9456
 7664.091	 103.3023	 -60.1366
 7752.022	 103.2193	 -66.2589
 7840.962	 103.1020	 -72.5702
 7930.923	 102.9774	 -78.7814
 8021.916	 102.8641	 -84.4513
 8113.953	 102.7739	 -90.1527
 8207.046	 102.7013	 -95.8906
 8301.206	 102.6855	 -101.7512
 8396.447	 102.7187	 -108.0336
 8492.781	 102.8222	 -114.6489
 8590.221	 102.9744	 -121.8543
 8688.777	 103.1496	 -129.8306
 8788.465	 103.3306	 -138.6417
 8889.297	 103.4886	 -148.2217
 8991.285	 103.6227	 -157.7455
 9094.443	 103.7774	 -167.7097
 9198.785	 103.9039	 -178.9595
 9304.324	 104.0079	 169.0479
 9411.074	 104.0679	 155.4213
 9519.050	 104.0786	 140.7815
 9628.263	 104.0687	 125.6588
 9738.729	 104.0228	 107.1185
 9850.464	 103.9519	 84.8091
 9963.479	 103.8622	 59.1997
10077.792	 103.7553	 32.2906
10193.416	 103.6367	 3.9435
10310.367	 103.4924	 -25.2103
10428.660	 103.3364	 -55.3636
10548.310	 103.1257	 -86.5401
10669.332	 102.8668	 -118.0272
10791.743	 102.5278	 -150.0782
10915.559	 102.1613	 178.2008
11040.794	 101.7759	 145.7114
11167.467	 101.3836	 112.6168
11295.594	 100.9729	 78.9001
11425.189	 100.5416	 44.6864
11556.272	 100.0955	 11.1792
11688.859	 99.6378	 -18.4172
11822.968	 99.1842	 -47.1246
11958.614	 98.8682	 -74.6547
12095.817	 98.7832	 -102.4738
12234.595	 99.0487	 -130.2744
12374.965	 99.5531	 -158.1802
12516.944	 100.1137	 173.2353
12660.554	 100.6220	 146.8527
12805.811	 101.0123	 123.0016
12952.733	 101.2815	 101.8271
13101.342	 101.4351	 81.1825
13251.656	 101.4775	 62.0850
13403.694	 101.4562	 44.6841
13557.478	 101.3709	 27.2361
13713.024	 101.2471	 9.9269
13870.356	 101.0873	 -7.9740
14029.493	 100.9151	 -25.6443
14190.456	 100.7288	 -44.3008
14353.266	 100.5445	 -63.8284
14517.942	 100.3952	 -86.3667
14684.509	 100.2865	 -110.1515
14852.987	 100.1677	 -133.2323
15023.397	 99.9981	 -157.6658
15195.764	 99.7084	 173.9508
15370.107	 99.2767	 144.9574
15546.451	 98.6952	 115.0932
15724.818	 97.9417	 84.7085
15905.231	 96.9569	 54.5174
16087.715	 95.8904	 25.1100
16272.292	 94.9698	 -3.2256
16458.986	 94.3704	 -31.2348
16647.822	 94.1093	 -59.2924
16838.826	 93.9956	 -87.3036
17032.021	 93.9615	 -115.0495
17227.432	 93.9450	 -145.6293
17425.086	 93.9322	 -179.9185
17625.006	 94.0552	 143.5234
17827.221	 94.2509	 105.1800
18031.756	 94.4890	 65.9600
18238.637	 94.7026	 25.5487
18447.891	 94.9027	 -12.7082
18659.547	 95.1001	 -51.0004
18873.631	 95.2105	 -86.1093
19090.172	 95.2745	 -120.5000
19309.195	 95.2311	 -155.3543
19530.734	 95.1017	 170.1988
19754.813	 94.9229	 137.0192
19981.463	 94.7275	 102.2139
20210.713	 94.4750	 66.4215
20442.594	 94.2616	 29.9207
20677.135	 94.1759	 -10.5892
20914.367	 94.2037	 -54.3321
21154.322	 94.2907	 -103.1180
21397.029	 94.3973	 -142.1120
21642.520	 94.5226	 -170.9533
21890.828	 94.6314	 160.2498
22141.986	 94.6754	 132.4838
22396.023	 94.6524	 114.7292
22652.977	 94.5425	 84.1095
