    6.208	 90.9218	 -9.3129
    6.279	 90.9215	 -9.3129
    6.351	 90.9211	 -9.3129
    6.424	 90.9208	 -9.3129
    6.498	 90.9204	 -9.3129
    6.572	 90.9200	 -9.3129
    6.648	 90.9196	 -9.3129
    6.724	 90.9192	 -9.4175
    6.801	 90.9187	 -9.5236
    6.879	 90.9182	 -9.6313
    6.958	 90.9176	 -9.7406
    7.038	 90.9170	 -9.9331
    7.119	 90.9162	 -9.9920
    7.200	 90.9154	 -10.1062
    7.283	 90.9145	 -10.2217
    7.366	 90.9137	 -10.3385
    7.451	 90.9128	 -10.4566
    7.536	 90.9119	 -10.5760
    7.623	 90.9109	 -10.6967
    7.710	 90.9100	 -10.8188
    7.799	 90.9090	 -10.9423
    7.888	 90.9081	 -11.0672
    7.979	 90.9070	 -11.1934
    8.070	 90.9060	 -11.3211
    8.163	 90.9049	 -11.4502
    8.257	 90.9039	 -11.5808
    8.351	 90.9027	 -11.7128
    8.447	 90.9016	 -11.8463
    8.544	 90.9005	 -11.9813
    8.642	 90.8993	 -12.1178
    8.741	 90.8980	 -12.2559
    8.841	 90.8968	 -12.3955
    8.943	 90.8955	 -12.5367
    9.045	 90.8942	 -12.6794
    9.149	 90.8929	 -12.8238
    9.254	 90.8915	 -12.9697
    9.360	 90.8901	 -13.1173
    9.468	 90.8887	 -13.2666
    9.576	 90.8872	 -13.4175
    9.686	 90.8857	 -13.5702
    9.797	 90.8842	 -13.7245
    9.910	 90.8826	 -13.8806
   10.024	 90.8810	 -14.0384
   10.139	 90.8794	 -14.1980
   10.255	 90.8777	 -14.3594
   10.373	 90.8760	 -14.5226
   10.492	 90.8742	 -14.6876
   10.612	 90.8724	 -14.8545
   10.734	 90.8706	 -15.0232
   10.857	 90.8687	 -15.1939
   10.981	 90.8668	 -15.3664
   11.107	 90.8648	 -15.5409
   11.235	 90.8628	 -15.7173
   11.364	 90.8607	 -15.8957
   11.494	 90.8586	 -16.0760
   11.626	 90.8564	 -16.2584
   11.759	 90.8542	 -16.4428
   11.894	 90.8520	 -16.6292
   12.031	 90.8497	 -16.8177
   12.169	 90.8473	 -17.0083
   12.308	 90.8449	 -17.2010
   12.450	 90.8424	 -17.3959
   12.592	 90.8398	 -17.5928
   12.737	 90.8372	 -17.7920
   12.883	 90.8346	 -17.9933
   13.031	 90.8319	 -18.1969
   13.180	 90.8291	 -18.4027
   13.332	 90.8262	 -18.6107
   13.484	 90.8233	 -18.8210
   13.639	 90.8203	 -19.0336
   13.796	 90.8172	 -19.2486
   13.954	 90.8141	 -19.4659
   14.114	 90.8109	 -19.6855
   14.276	 90.8076	 -19.9076
   14.440	 90.8042	 -20.1321
   14.605	 90.8008	 -20.3590
   14.773	 90.7972	 -20.5884
   14.942	 90.7936	 -20.8203
   15.114	 90.7899	 -21.0547
   15.287	 90.7862	 -21.2916
   15.463	 90.7823	 -21.5312
   15.640	 90.7783	 -21.7733
   15.820	 90.7743	 -22.0180
   16.001	 90.7701	 -22.2654
   16.185	 90.7658	 -22.5154
   16.370	 90.7615	 -22.7682
   16.558	 90.7570	 -23.0236
   16.748	 90.7525	 -23.2817
   16.940	 90.7478	 -23.5426
   17.135	 90.7430	 -23.8063
   17.331	 90.7381	 -24.0728
   17.530	 90.7331	 -24.3421
   17.731	 90.7280	 -24.6142
   17.935	 90.7227	 -24.8892
   18.140	 90.7173	 -25.1671
   18.349	 90.7118	 -25.4479
   18.559	 90.7061	 -25.7317
   18.772	 90.7004	 -26.0184
   18.987	 90.6945	 -26.3081
   19.205	 90.6884	 -26.6008
   19.426	 90.6822	 -26.8966
   19.648	 90.6758	 -27.1954
   19.874	 90.6693	 -27.4973
   20.102	 90.6626	 -27.8022
   20.333	 90.6558	 -28.1104
   20.566	 90.6488	 -28.4217
   20.802	 90.6416	 -28.7362
   21.040	 90.6343	 -29.0539
   21.282	 90.6268	 -29.3748
   21.526	 90.6191	 -29.6990
   21.773	 90.6112	 -30.0264
   22.023	 90.6031	 -30.3572
   22.275	 90.5948	 -30.6912
   22.531	 90.5863	 -31.0286
   22.789	 90.5777	 -31.3694
   23.051	 90.5688	 -31.7135
   23.315	 90.5597	 -32.0610
   23.583	 90.5503	 -32.4120
   23.854	 90.5408	 -32.7663
   24.127	 90.5310	 -33.1241
   24.404	 90.5210	 -33.4854
   24.684	 90.5107	 -33.8502
   24.967	 90.5001	 -34.2185
   25.254	 90.4893	 -34.5904
   25.543	 90.4783	 -34.9658
   25.836	 90.4670	 -35.3447
   26.133	 90.4554	 -35.7272
   26.433	 90.4435	 -36.1134
   26.736	 90.4313	 -36.5031
   27.043	 90.4188	 -36.8964
   27.353	 90.4060	 -37.2933
   27.667	 90.3929	 -37.6939
   27.984	 90.3794	 -38.0980
   28.305	 90.3657	 -38.5059
   28.630	 90.3515	 -38.9174
   28.959	 90.3371	 -39.3325
   29.291	 90.3222	 -39.7514
   29.627	 90.3070	 -40.1739
   29.967	 90.2915	 -40.6001
   30.311	 90.2755	 -41.0300
   30.658	 90.2591	 -41.4636
   31.010	 90.2423	 -41.9008
   31.366	 90.2251	 -42.3418
   31.726	 90.2075	 -42.7865
   32.090	 90.1894	 -43.2348
   32.458	 90.1709	 -43.6867
   32.830	 90.1518	 -44.1423
   33.207	 90.1324	 -44.6015
   33.588	 90.1124	 -45.0642
   33.973	 90.0919	 -45.5305
   34.363	 90.0709	 -46.0004
   34.757	 90.0493	 -46.4738
   35.156	 90.0272	 -46.9508
   35.559	 90.0045	 -47.4312
   35.967	 89.9813	 -47.9151
   36.380	 89.9575	 -48.4025
   36.797	 89.9330	 -48.8933
   37.220	 89.9079	 -49.3875
   37.647	 89.8822	 -49.8850
   38.079	 89.8558	 -50.3857
   38.515	 89.8288	 -50.8897
   38.957	 89.8010	 -51.3968
   39.404	 89.7725	 -51.9069
   39.856	 89.7433	 -52.4201
   40.314	 89.7133	 -52.9363
   40.776	 89.6826	 -53.4553
   41.244	 89.6510	 -53.9771
   41.717	 89.6187	 -54.5018
   42.196	 89.5855	 -55.0290
   42.680	 89.5514	 -55.5588
   43.170	 89.5164	 -56.0911
   43.665	 89.4805	 -56.6257
   44.166	 89.4437	 -57.1625
   44.673	 89.4060	 -57.7014
   45.185	 89.3672	 -58.2423
   45.704	 89.3274	 -58.7850
   46.228	 89.2866	 -59.3294
   46.758	 89.2447	 -59.8753
   47.295	 89.2017	 -60.4226
   47.837	 89.1576	 -60.9711
   48.386	 89.1123	 -61.5206
   48.941	 89.0659	 -62.0709
   49.503	 89.0182	 -62.6219
   50.071	 88.9693	 -63.1732
   50.645	 88.9190	 -63.7247
   51.226	 88.8675	 -64.2762
   51.814	 88.8146	 -64.8274
   52.409	 88.7603	 -65.3780
   53.010	 88.7046	 -65.9278
   53.618	 88.6474	 -66.4765
   54.233	 88.5887	 -67.0236
   54.856	 88.5285	 -67.5688
   55.485	 88.4667	 -68.1119
   56.122	 88.4033	 -68.6525
   56.765	 88.3382	 -69.1903
   57.417	 88.2714	 -69.7248
   58.075	 88.2029	 -70.2556
   58.742	 88.1326	 -70.7822
   59.416	 88.0604	 -71.3040
   60.097	 87.9864	 -71.8207
   60.787	 87.9105	 -72.3315
   61.484	 87.8326	 -72.8361
   62.190	 87.7527	 -73.3338
   62.903	 87.6708	 -73.8241
   63.625	 87.5868	 -74.3062
   64.355	 87.5007	 -74.7795
   65.093	 87.4124	 -75.2432
   65.840	 87.3219	 -75.6965
   66.596	 87.2291	 -76.1386
   67.360	 87.1340	 -76.5687
   68.132	 87.0366	 -76.9859
   68.914	 86.9368	 -77.3893
   69.705	 86.8346	 -77.7777
   70.504	 86.7300	 -78.1502
   71.313	 86.6229	 -78.5058
   72.132	 86.5133	 -78.8433
   72.959	 86.4012	 -79.1615
   73.796	 86.2865	 -79.4590
   74.643	 86.1693	 -79.7344
   75.499	 86.0495	 -79.9866
   76.366	 85.9271	 -80.2139
   77.242	 85.8022	 -80.4151
   78.128	 85.6747	 -80.5885
   79.024	 85.5448	 -80.7325
   79.931	 85.4124	 -80.8452
   80.848	 85.2775	 -80.9249
   81.776	 85.1403	 -80.9699
   82.714	 85.0007	 -80.9784
   83.663	 84.8589	 -80.9483
   84.623	 84.7150	 -80.8778
   85.594	 84.5690	 -80.7650
   86.576	 84.4212	 -80.6077
   87.569	 84.2716	 -80.4040
   88.574	 84.1205	 -80.1517
   89.590	 83.9681	 -79.8488
   90.618	 83.8145	 -79.4936
   91.657	 83.6602	 -79.0841
   92.709	 83.5053	 -78.6185
   93.773	 83.3502	 -78.0945
   94.848	 83.1953	 -77.5107
   95.937	 83.0410	 -76.8656
   97.037	 82.8876	 -76.1581
   98.151	 82.7356	 -75.3867
   99.277	 82.5855	 -74.5499
  100.416	 82.4378	 -73.6471
  101.568	 82.2932	 -72.6781
  102.733	 82.1522	 -71.6423
  103.912	 82.0155	 -70.5392
  105.104	 81.8839	 -69.3691
  106.310	 81.7580	 -68.1324
  107.530	 81.6385	 -66.8301
  108.763	 81.5263	 -65.4630
  110.011	 81.4219	 -64.0321
  111.273	 81.3262	 -62.5387
  112.550	 81.2399	 -60.9848
  113.841	 81.1639	 -59.3728
  115.147	 81.0988	 -57.7052
  116.469	 81.0455	 -55.9844
  117.805	 81.0045	 -54.2128
  119.156	 80.9767	 -52.3932
  120.524	 80.9626	 -50.5296
  121.906	 80.9630	 -48.6260
  123.305	 80.9784	 -46.6861
  124.720	 81.0093	 -44.7138
  126.151	 81.0563	 -42.7139
  127.598	 81.1197	 -40.6910
  129.062	 81.1999	 -38.6503
  130.543	 81.2972	 -36.5967
  132.040	 81.4118	 -34.5354
  133.555	 81.5438	 -32.4715
  135.088	 81.6932	 -30.4110
  136.638	 81.8600	 -28.3593
  138.205	 82.0438	 -26.3215
  139.791	 82.2443	 -24.3028
  141.395	 82.4611	 -22.3085
  143.017	 82.6936	 -20.3441
  144.658	 82.9411	 -18.4143
  146.317	 83.2027	 -16.5239
  147.996	 83.4777	 -14.6765
  149.694	 83.7651	 -12.8763
  151.412	 84.0638	 -11.1272
  153.149	 84.3729	 -9.4324
  154.906	 84.6914	 -7.7953
  156.683	 85.0181	 -6.2177
  158.481	 85.3521	 -4.7012
  160.299	 85.6925	 -3.2473
  162.138	 86.0382	 -1.8571
  163.998	 86.3884	 -0.5302
  165.880	 86.7424	 0.7333
  167.783	 87.0995	 1.9343
  169.708	 87.4590	 3.0742
  171.655	 87.8206	 4.1547
  173.625	 88.1837	 5.1780
  175.617	 88.5482	 6.1466
  177.632	 88.9138	 7.0632
  179.670	 89.2805	 7.9310
  181.731	 89.6483	 8.7529
  183.816	 90.0175	 9.5322
  185.925	 90.3882	 10.2718
  188.058	 90.7607	 10.9747
  190.216	 91.1355	 11.6438
  192.398	 91.5131	 12.2812
  194.606	 91.8939	 12.8891
  196.838	 92.2786	 13.4691
  199.097	 92.6677	 14.0220
  201.381	 93.0619	 14.5485
  203.691	 93.4617	 15.0486
  206.028	 93.8677	 15.5216
  208.392	 94.2803	 15.9663
  210.783	 94.7000	 16.3812
  213.201	 95.1268	 16.7640
  215.648	 95.5612	 17.1120
  218.122	 96.0029	 17.4223
  220.624	 96.4520	 17.6915
  223.156	 96.9082	 17.9160
  225.716	 97.3710	 18.0920
  228.305	 97.8400	 18.2155
  230.925	 98.3145	 18.2826
  233.574	 98.7937	 18.2893
  236.254	 99.2768	 18.2319
  238.965	 99.7629	 18.1067
  241.706	 100.2510	 17.9104
  244.480	 100.7403	 17.6399
  247.285	 101.2298	 17.2925
  250.122	 101.7185	 16.8661
  252.991	 102.2056	 16.3591
  255.894	 102.6902	 15.7701
  258.830	 103.1714	 15.0989
  261.799	 103.6487	 14.3454
  264.803	 104.1212	 13.5102
  267.841	 104.5885	 12.5946
  270.914	 105.0499	 11.6005
  274.022	 105.5052	 10.5302
  277.166	 105.9539	 9.3867
  280.346	 106.3959	 8.1730
  283.563	 106.8308	 6.8928
  286.816	 107.2587	 5.5502
  290.107	 107.6795	 4.1491
  293.435	 108.0932	 2.6939
  296.802	 108.5002	 1.1889
  300.207	 108.9005	 -0.3617
  303.652	 109.2944	 -1.9538
  307.135	 109.6823	 -3.5835
  310.659	 110.0647	 -5.2471
  314.223	 110.4419	 -6.9416
  317.829	 110.8145	 -8.6639
  321.475	 111.1830	 -10.4118
  325.163	 111.5479	 -12.1836
  328.894	 111.9097	 -13.9779
  332.668	 112.2689	 -15.7941
  336.484	 112.6259	 -17.6320
  340.345	 112.9812	 -19.4922
  344.250	 113.3351	 -21.3755
  348.199	 113.6877	 -23.2835
  352.194	 114.0392	 -25.2177
  356.235	 114.3895	 -27.1806
  360.322	 114.7385	 -29.1743
  364.456	 115.0859	 -31.2014
  368.638	 115.4314	 -33.2646
  372.867	 115.7744	 -35.3662
  377.145	 116.1143	 -37.5089
  381.472	 116.4505	 -39.6946
  385.849	 116.7823	 -41.9254
  390.276	 117.1087	 -44.2025
  394.753	 117.4291	 -46.5269
  399.282	 117.7427	 -48.8990
  403.863	 118.0487	 -51.3183
  408.497	 118.3465	 -53.7838
  413.184	 118.6355	 -56.2936
  417.924	 118.9152	 -58.8454
  422.719	 119.1852	 -61.4358
  427.569	 119.4453	 -64.0611
  432.475	 119.6955	 -66.7171
  437.437	 119.9358	 -69.3993
  442.455	 120.1664	 -72.1031
  447.532	 120.3878	 -74.8240
  452.666	 120.6005	 -77.5580
  457.860	 120.8052	 -80.3017
  463.113	 121.0024	 -83.0527
  468.426	 121.1931	 -85.8092
  473.801	 121.3780	 -88.5706
  479.237	 121.5579	 -91.3374
  484.735	 121.7333	 -94.1107
  490.296	 121.9047	 -96.8924
  495.922	 122.0723	 -99.6849
  501.612	 122.2362	 -102.4904
  507.367	 122.3960	 -105.3114
  513.188	 122.5513	 -108.1495
  519.076	 122.7011	 -111.0055
  525.031	 122.8445	 -113.8793
  531.055	 122.9802	 -116.7689
  537.148	 123.1070	 -119.6710
  543.310	 123.2237	 -122.5796
  549.544	 123.3291	 -125.4870
  555.849	 123.4222	 -128.3830
  562.226	 123.5023	 -131.2556
  568.677	 123.5693	 -134.0916
  575.201	 123.6234	 -136.8779
  581.801	 123.6652	 -139.6033
  588.476	 123.6959	 -142.2600
  595.227	 123.7174	 -144.8459
  602.057	 123.7318	 -147.3644
  608.964	 123.7417	 -149.8246
  615.951	 123.7497	 -152.2395
  623.018	 123.7585	 -154.6237
  630.166	 123.7703	 -156.9918
  637.396	 123.7869	 -159.3561
  644.709	 123.8095	 -161.7255
  652.106	 123.8383	 -164.1052
  659.587	 123.8728	 -166.4956
  667.155	 123.9119	 -168.8936
  674.809	 123.9541	 -171.2912
  682.551	 123.9975	 -173.6776
  690.382	 124.0406	 -176.0394
  698.303	 124.0821	 -178.3629
  706.315	 124.1213	 179.3632
  714.419	 124.1579	 177.1446
  722.615	 124.1920	 174.9785
  730.906	 124.2241	 172.8514
  739.292	 124.2543	 170.7410
  747.774	 124.2826	 168.6191
  756.353	 124.3082	 166.4579
  765.031	 124.3294	 164.2359
  773.808	 124.3438	 161.9438
  782.686	 124.3486	 159.5873
  791.666	 124.3409	 157.1891
  800.749	 124.3182	 154.7878
  809.936	 124.2791	 152.4330
  819.229	 124.2240	 150.1781
  828.628	 124.1550	 148.0691
  838.135	 124.0764	 146.1320
  847.751	 123.9944	 144.3678
  857.477	 123.9161	 142.7537
  867.315	 123.8482	 141.2542
  877.266	 123.7960	 139.8321
  887.331	 123.7620	 138.4579
  897.512	 123.7454	 137.1156
  907.809	 123.7429	 135.8112
  918.224	 123.7498	 134.5555
  928.759	 123.7625	 133.3778
  939.415	 123.7798	 132.3066
  950.193	 123.8048	 131.3544
  961.095	 123.8492	 130.5112
  972.122	 123.9228	 129.7302
  983.275	 124.0382	 128.9737
  994.556	 124.2054	 128.2089
 1005.967	 124.4345	 127.3713
 1017.509	 124.7186	 126.4757
 1029.183	 125.0521	 125.4632
 1040.991	 125.4191	 124.3589
 1052.934	 125.8086	 123.1008
 1065.015	 126.2095	 121.6665
 1077.234	 126.6114	 120.0669
 1089.593	 127.0149	 118.2119
 1102.094	 127.4135	 116.1761
 1114.739	 127.8056	 113.9792
 1127.528	 128.1940	 111.5642
 1140.464	 128.5739	 109.0453
 1153.549	 128.9453	 106.3599
 1166.784	 129.3049	 103.5597
 1180.171	 129.6503	 100.6282
 1193.711	 129.9801	 97.5046
 1207.407	 130.2913	 94.2203
 1221.260	 130.5835	 90.6607
 1235.271	 130.8556	 86.8106
 1249.444	 131.1060	 82.7268
 1263.779	 131.3353	 78.4735
 1278.278	 131.5444	 74.0745
 1292.944	 131.7346	 69.5811
 1307.778	 131.9071	 65.0652
 1322.783	 132.0641	 60.5417
 1337.959	 132.2059	 56.0216
 1353.310	 132.3330	 51.4622
 1368.837	 132.4444	 46.9079
 1384.542	 132.5398	 42.3654
 1400.427	 132.6199	 37.8115
 1416.494	 132.6848	 33.3078
 1432.745	 132.7377	 28.8142
 1449.184	 132.7810	 24.3375
 1465.810	 132.8170	 19.9464
 1482.628	 132.8503	 15.5783
 1499.638	 132.8850	 11.2684
 1516.844	 132.9259	 6.9168
 1534.247	 132.9739	 2.5098
 1551.849	 133.0285	 -1.9955
 1569.654	 133.0854	 -6.6768
 1587.663	 133.1398	 -11.3847
 1605.879	 133.1860	 -16.1442
 1624.303	 133.2230	 -20.9265
 1642.939	 133.2500	 -25.7465
 1661.789	 133.2661	 -30.6523
 1680.855	 133.2700	 -35.6336
 1700.139	 133.2600	 -40.6730
 1719.645	 133.2338	 -45.7822
 1739.375	 133.1904	 -50.8789
 1759.331	 133.1287	 -55.9334
 1779.516	 133.0444	 -60.9260
 1799.933	 132.9336	 -65.6121
 1820.584	 132.7972	 -69.5824
 1841.472	 132.6427	 -72.8868
 1862.599	 132.4817	 -76.0704
 1883.969	 132.3246	 -79.4562
 1905.584	 132.1769	 -83.1420
 1927.447	 132.0394	 -87.0441
 1949.561	 131.9159	 -90.9829
 1971.929	 131.8148	 -94.9198
 1994.553	 131.7473	 -99.0332
 2017.437	 131.7113	 -103.2375
 2040.583	 131.6989	 -107.6228
 2063.995	 131.6991	 -112.0927
 2087.676	 131.6964	 -116.5695
 2111.628	 131.6807	 -120.8897
 2135.855	 131.6492	 -124.7272
 2160.360	 131.6242	 -127.9275
 2185.146	 131.6375	 -130.9055
 2210.217	 131.7173	 -134.0091
 2235.575	 131.8695	 -137.3530
 2261.224	 132.0841	 -140.9347
 2287.168	 132.3465	 -144.7604
 2313.409	 132.6371	 -148.9144
 2339.951	 132.9263	 -153.7014
 2366.798	 133.1861	 -159.5026
 2393.952	 133.4001	 -166.1996
 2421.418	 133.5658	 -173.2589
 2449.200	 133.6838	 179.6330
 2477.300	 133.7522	 172.5876
 2505.722	 133.7800	 165.7652
 2534.471	 133.7774	 159.1355
 2563.549	 133.7567	 152.5959
 2592.961	 133.7286	 146.1289
 2622.711	 133.7050	 139.6718
 2652.802	 133.6917	 133.3917
 2683.238	 133.6824	 127.1862
 2714.023	 133.6686	 121.0821
 2745.161	 133.6357	 114.7747
 2776.657	 133.5697	 107.8079
 2808.514	 133.4513	 100.0731
 2840.736	 133.2680	 92.0872
 2873.329	 133.0174	 84.5039
 2906.295	 132.7098	 77.6598
 2939.639	 132.3575	 71.5443
 2973.366	 131.9709	 65.8772
 3007.480	 131.5699	 60.3901
 3041.985	 131.1814	 54.9538
 3076.886	 130.8286	 49.4477
 3112.188	 130.5213	 44.0372
 3147.895	 130.2625	 38.7723
 3184.011	 130.0538	 33.4985
 3220.542	 129.8927	 28.2069
 3257.492	 129.7557	 22.7753
 3294.865	 129.6251	 17.1720
 3332.668	 129.4936	 11.5299
 3370.904	 129.3741	 6.0396
 3409.579	 129.2930	 0.6642
 3448.698	 129.2674	 -4.8568
 3488.265	 129.2956	 -10.6933
 3528.287	 129.3588	 -16.8735
 3568.767	 129.4461	 -23.1853
 3609.712	 129.5523	 -29.4397
 3651.127	 129.6678	 -35.5768
 3693.017	 129.7843	 -41.6325
 3735.388	 129.8929	 -48.0608
 3778.244	 129.9784	 -55.3115
 3821.593	 130.0265	 -63.3413
 3865.438	 130.0348	 -71.7175
 3909.787	 130.0071	 -80.0393
 3954.645	 129.9514	 -88.1719
 4000.017	 129.8807	 -95.9507
 4045.910	 129.8058	 -103.6408
 4092.330	 129.7225	 -111.4481
 4139.282	 129.6311	 -119.1500
 4186.772	 129.5417	 -126.7013
 4234.808	 129.4520	 -134.3456
 4283.395	 129.3538	 -142.0911
 4332.539	 129.2455	 -149.9981
 4382.247	 129.1336	 -158.0030
 4432.524	 129.0281	 -166.1668
 4483.380	 128.9439	 -174.2753
 4534.818	 128.9175	 177.7292
 4586.847	 128.9751	 169.5912
 4639.473	 129.1026	 161.0118
 4692.702	 129.2706	 152.0456
 4746.542	 129.4779	 142.6975
 4801.000	 129.6915	 132.6756
 4856.083	 129.8849	 122.2854
 4911.797	 130.0441	 111.7080
 4968.151	 130.1682	 101.2434
 5025.151	 130.2579	 90.7848
 5082.806	 130.3102	 80.3450
 5141.122	 130.3374	 69.7390
 5200.107	 130.3465	 58.6297
 5259.769	 130.3388	 46.8481
 5320.115	 130.3152	 34.5073
 5381.153	 130.2734	 21.6038
 5442.892	 130.2054	 8.0803
 5505.339	 130.1021	 -6.1702
 5568.503	 129.9538	 -21.1844
 5632.391	 129.7507	 -37.5429
 5697.013	 129.4816	 -55.6642
 5762.375	 129.1395	 -75.6629
 5828.488	 128.7237	 -97.0875
 5895.359	 128.2273	 -119.2883
 5962.998	 127.6646	 -141.7619
 6031.412	 127.0765	 -164.5527
 6100.611	 126.5199	 172.3587
 6170.604	 126.0141	 149.1682
 6241.401	 125.6266	 126.1114
 6313.010	 125.3821	 103.0801
 6385.440	 125.2781	 80.2573
 6458.701	 125.2963	 57.1927
 6532.803	 125.3849	 33.7036
 6607.755	 125.5356	 9.7029
 6683.566	 125.7384	 -14.5646
 6760.248	 126.0187	 -38.8323
 6837.810	 126.3976	 -62.9260
 6916.261	 126.8706	 -86.9653
 6995.612	 127.4075	 -111.0414
 7075.874	 127.9782	 -135.1335
 7157.057	 128.5424	 -159.1442
 7239.171	 129.0680	 176.8924
 7322.227	 129.5272	 153.6735
 7406.236	 129.9096	 131.6530
 7491.209	 130.2184	 111.1981
 7577.157	 130.4579	 91.7432
 7664.091	 130.6332	 72.7186
 7752.022	 130.7501	 53.9472
 7840.962	 130.8219	 35.6001
 7930.923	 130.8528	 17.4188
 8021.916	 130.8439	 -0.4069
 8113.953	 130.8022	 -17.4276
 8207.046	 130.7320	 -34.1008
 8301.206	 130.6361	 -50.6311
 8396.447	 130.5150	 -67.1750
 8492.781	 130.3732	 -83.9349
 8590.221	 130.2062	 -100.9389
 8688.777	 130.0087	 -118.0439
 8788.465	 129.7779	 -135.2066
 8889.297	 129.5188	 -152.4047
 8991.285	 129.2523	 -169.6740
 9094.443	 129.0136	 172.7911
 9198.785	 128.8286	 154.7811
 9304.324	 128.6955	 136.4088
 9411.074	 128.6122	 117.8534
 9519.050	 128.5734	 99.0928
 9628.263	 128.5471	 80.0736
 9738.729	 128.5110	 61.1871
 9850.464	 128.4626	 42.7137
 9963.479	 128.4092	 24.6873
10077.792	 128.3563	 6.7532
10193.416	 128.2980	 -11.2411
10310.367	 128.2388	 -29.3351
10428.660	 128.1707	 -47.2876
10548.310	 128.0776	 -65.4632
10669.332	 127.9526	 -83.5768
10791.743	 127.7984	 -101.4053
10915.559	 127.6308	 -119.2669
11040.794	 127.4836	 -137.4411
11167.467	 127.3929	 -156.0938
11295.594	 127.3920	 -175.4576
11425.189	 127.4788	 164.3801
11556.272	 127.6335	 143.3978
11688.859	 127.7987	 121.8935
11822.968	 127.9656	 100.4970
11958.614	 128.1554	 79.6469
12095.817	 128.4381	 59.4118
12234.595	 128.8802	 39.0580
12374.965	 129.4542	 18.0593
12516.944	 130.0857	 -3.5564
12660.554	 130.6882	 -26.5325
12805.811	 131.1861	 -50.4922
12952.733	 131.6014	 -75.0275
13101.342	 131.9468	 -100.0735
13251.656	 132.2357	 -125.5856
13403.694	 132.4917	 -151.8452
13557.478	 132.6998	 -179.7032
13713.024	 132.8512	 151.0935
13870.356	 132.9506	 121.0776
14029.493	 133.0010	 90.0214
14190.456	 133.0021	 58.0655
14353.266	 132.9533	 25.6644
14517.942	 132.8643	 -7.3067
14684.509	 132.7363	 -40.5941
14852.987	 132.5773	 -73.3793
15023.397	 132.3866	 -105.4803
15195.764	 132.1604	 -137.2119
15370.107	 131.8739	 -169.5455
15546.451	 131.5071	 158.5933
15724.818	 131.0480	 126.4645
15905.231	 130.4807	 93.8901
16087.715	 129.8300	 61.2335
16272.292	 129.1549	 29.6131
16458.986	 128.5007	 -3.7917
16647.822	 127.9052	 -37.4329
16838.826	 127.2728	 -69.7451
17032.021	 126.5449	 -102.5243
17227.432	 125.7042	 -136.4668
17425.086	 124.7093	 -173.1074
17625.006	 123.6989	 142.9230
17827.221	 122.7386	 98.2403
18031.756	 121.7539	 52.4808
18238.637	 120.6461	 5.2634
18447.891	 119.4129	 -43.2631
18659.547	 118.1702	 -92.3426
18873.631	 117.0695	 -139.9493
19090.172	 116.4329	 171.4455
19309.195	 116.0551	 120.6455
19530.734	 115.7368	 68.7287
19754.813	 115.4090	 14.4447
19981.463	 115.0934	 -41.2761
20210.713	 114.7898	 -95.5027
20442.594	 114.3924	 -153.3121
20677.135	 113.9437	 144.8297
20914.367	 113.6046	 76.7302
21154.322	 113.1714	 -3.1648
21397.029	 112.8804	 -69.3593
21642.520	 113.0163	 -124.3379
21890.828	 113.1944	 -176.9284
22141.986	 113.3408	 124.7906
22396.023	 113.4770	 60.8499
22652.977	 113.5951	 -13.1150
